x:-0.0962780g, y: -0.1506793g, z: 0.91558476g
x:-0.0679894g, y: -0.1267427g, z: 0.96998599g
x:-0.0810457g, y: -0.1289188g, z: 0.95257760g
x:-0.0745175g, y: -0.1158625g, z: 0.97651414g
x:-0.0723415g, y: -0.1267427g, z: 0.97869019g
x:-0.0636373g, y: -0.1049822g, z: 0.98521833g
x:-0.0527571g, y: -0.0875738g, z: 0.98957043g
x:-0.0658133g, y: -0.0962780g, z: 0.98086624g
x:-0.0701654g, y: -0.1115104g, z: 0.98086624g
x:-0.0897499g, y: -0.1615595g, z: 0.98086624g
x:-0.0701654g, y: -0.1223906g, z: 0.98957043g
x:-0.0397008g, y: -0.0701654g, z: 0.98739438g
x:0.01470042g, y: -0.1419751g, z: 0.98304229g
x:0.06692560g, y: -0.1310948g, z: 0.99392253g
x:0.07345374g, y: -0.0810457g, z: 1.00045068g
x:0.12567892g, y: -0.0745175g, z: 1.00915488g
x:0.17572805g, y: 0.00382017g, z: 0.93516920g
x:0.14308732g, y: -0.0484050g, z: 0.98957043g
x:0.09521423g, y: -0.0788696g, z: 0.98304229g
x:0.01470042g, y: -0.0375247g, z: 0.96128179g
x:0.01687647g, y: -0.2616578g, z: 0.98304229g
x:0.08433399g, y: -0.0745175g, z: 0.95910575g
x:0.14961546g, y: -0.1158625g, z: 0.94387340g
x:0.08215794g, y: -0.1136864g, z: 0.99827463g
x:0.03863696g, y: -0.1746158g, z: 0.94604945g
x:0.08433399g, y: 0.19313645g, z: 0.99392253g
x:0.02993276g, y: -0.0179403g, z: 0.99392253g
x:0.10827053g, y: -0.0244684g, z: 1.05920401g
x:0.07780584g, y: 0.05386930g, z: 0.95692970g
x:0.01470042g, y: -0.0201163g, z: 0.87641588g
x:0.05386930g, y: -0.0244684g, z: 0.94169735g
x:0.05386930g, y: -0.1833200g, z: 1.02221117g
x:0.06257350g, y: -0.2529536g, z: 1.01568302g
x:0.09956633g, y: -0.0331726g, z: 0.94387340g
x:0.13873522g, y: 0.02558066g, z: 0.98739438g
x:0.04951720g, y: 0.46079049g, z: 1.04397166g
x:-0.0266445g, y: 0.01687647g, z: 1.12666153g
x:0.06257350g, y: -0.1876721g, z: 1.06790820g
x:-0.0048840g, y: -0.1615595g, z: 1.03309142g
x:-0.0984541g, y: -0.4118052g, z: 0.88512007g
x:-0.0592852g, y: -0.0614612g, z: 0.87641588g
x:-0.0418768g, y: -0.0375247g, z: 1.00697883g
x:0.10827053g, y: 0.08433399g, z: 1.02221117g
x:0.21924904g, y: -0.0397008g, z: 1.13754178g
x:0.06910164g, y: 0.24971372g, z: 0.79590206g
x:0.17790410g, y: -0.2899464g, z: 1.10054894g
x:0.11915077g, y: -0.1746158g, z: 0.97869019g
x:0.21054484g, y: -0.4226854g, z: 0.97433809g
x:0.08433399g, y: -0.3813405g, z: 0.96563389g
x:0.01034832g, y: -0.4487980g, z: 0.74367688g
x:0.16919991g, y: 0.01252437g, z: 1.02656327g
x:0.07562979g, y: 0.17572805g, z: 0.88512007g
x:0.15396756g, y: 0.34110779g, z: 0.91993686g
x:-0.1202146g, y: 0.41074136g, z: 0.70668404g
x:-0.0897499g, y: -0.0027079g, z: 1.05049981g
x:0.12132682g, y: -0.1506793g, z: 1.14406992g
x:0.05169325g, y: 0.09086214g, z: 1.11795733g
x:0.00164412g, y: -0.1528553g, z: 0.85247934g
x:-0.0549331g, y: -0.2094326g, z: 0.75020503g
x:0.09739028g, y: -0.0397008g, z: 0.89164822g
x:0.26712212g, y: -0.0984541g, z: 1.06573215g
x:0.05822140g, y: 0.21272089g, z: 0.76108527g
x:0.22360113g, y: -0.3987489g, z: 1.78382837g
x:0.07345374g, y: -0.3595800g, z: 1.27680892g
x:-0.0810457g, y: -0.7338604g, z: 0.86553563g
x:0.01470042g, y: -0.0005319g, z: 1.11578128g
x:-0.1724398g, y: 0.23230533g, z: 0.35416408g
x:-0.1724398g, y: -0.2398973g, z: 0.98957043g
x:-0.0353487g, y: -0.2986506g, z: 0.95257760g
x:0.00382017g, y: 0.31934730g, z: 1.26375263g
x:0.04516510g, y: -0.0505810g, z: 0.54348036g
x:-0.0288205g, y: 0.17355200g, z: 0.59352949g
x:0.11479868g, y: 0.06474955g, z: 0.87206378g
x:-0.2942985g, y: -0.2116086g, z: 0.74802898g
x:-0.3486997g, y: -0.0571092g, z: 0.66751516g
x:-0.3574039g, y: -0.0397008g, z: 1.09184474g
x:-0.2529536g, y: 0.11262263g, z: 0.45208629g
x:-0.0919259g, y: -0.0897499g, z: 1.08966869g
x:0.34328384g, y: -0.0222924g, z: 1.05702796g
x:0.09739028g, y: -0.0222924g, z: 1.2137035g
x:-0.3291153g, y: -0.2812422g, z: 0.77196552g
x:-0.4531501g, y: -0.4205094g, z: 1.08314055g
x:-0.1920242g, y: -0.0766936g, z: 0.85683144g
x:-0.4400938g, y: 0.21707299g, z: 1.12883758g
x:-0.0919259g, y: 0.04081301g, z: 0.81113440g
x:-0.1419751g, y: 0.09303819g, z: 1.00262673g
x:-0.2855943g, y: 0.01905251g, z: 0.88947217g
x:-0.6968676g, y: -0.0397008g, z: 1.28116102g
x:-0.3073548g, y: 0.11479868g, z: 1.12448548g
x:-0.2725380g, y: 0.09303819g, z: 1.17235856g
x:-0.3051788g, y: -0.1223906g, z: 0.96345784g
x:-0.1920242g, y: 0.34763594g, z: 0.87859193g
x:-0.3704602g, y: -0.8491910g, z: 0.76543737g
x:0.01034832g, y: -0.5140795g, z: 0.72409244g
x:-0.2834183g, y: -0.5162555g, z: 1.16800646g
x:0.03210881g, y: -0.6163538g, z: 1.23981609g
x:0.04081301g, y: -0.0353487g, z: 1.08749265g
x:0.15179151g, y: 0.07780584g, z: 1.03309142g
x:0.19313645g, y: -0.2116086g, z: 1.02438722g
x:0.07998189g, y: 0.09303819g, z: 0.97651414g
x:0.08868609g, y: -0.0527571g, z: 0.75673317g
x:0.00382017g, y: -0.0375247g, z: 0.98521833g
x:-0.2029044g, y: 0.24536163g, z: 1.16800646g
x:-0.0853978g, y: 0.04951720g, z: 0.88294403g
x:-0.1245667g, y: 0.14961546g, z: 0.95692970g
x:0.06910164g, y: -0.0375247g, z: 0.88512007g
x:0.04298905g, y: 0.11044658g, z: 0.60658578g
x:0.18443225g, y: -0.2768901g, z: 1.37037903g
x:0.49778333g, y: 0.03428486g, z: 1.27245682g
x:0.59570554g, y: -0.3334674g, z: 1.15059807g
x:0.38027667g, y: -0.2203128g, z: 1.09619684g
x:-0.0048840g, y: -0.2594817g, z: 1.03961956g
x:-0.1550314g, y: 0.43250185g, z: 0.19096040g
x:-0.4183333g, y: 0.71103614g, z: -0.2964746g
x:-0.3943968g, y: -0.4139812g, z: 1.46612520g
x:-0.3225871g, y: -0.4161573g, z: 1.02873932g
x:-0.2203128g, y: -0.7403886g, z: 0.73714873g
x:0.13873522g, y: 0.50213542g, z: 0.95910575g
x:0.32805149g, y: 0.38680482g, z: 1.17235856g
x:0.26494607g, y: -0.3095309g, z: 1.37908323g
x:0.38898087g, y: 0.38898087g, z: 1.08966869g
x:0.16049571g, y: -0.3051788g, z: 1.26157658g
x:-0.2507775g, y: 0.61746603g, z: 0.27365026g
x:0.03646091g, y: 0.07345374g, z: 0.00164412g
x:-0.0766936g, y: -0.3204111g, z: 0.98086624g
x:0.17137595g, y: -0.4205094g, z: 1.40519582g
x:-0.0658133g, y: 0.60876183g, z: 1.05049981g
x:-0.5706567g, y: -0.1441511g, z: 1.29421731g
x:-0.7534449g, y: -0.3661081g, z: 0.64575467g
x:-0.4009249g, y: -0.1702637g, z: 0.48690308g
x:-0.2834183g, y: 0.09739028g, z: 0.95475365g
x:-0.6054735g, y: -0.1310948g, z: 0.87423983g
x:-0.7469167g, y: -0.1680877g, z: 1.21152745g
x:-0.5576005g, y: -0.0919259g, z: 0.90252847g
x:-0.2660099g, y: 0.02775671g, z: 0.62181813g
x:-0.3639321g, y: -0.0375247g, z: 1.11360524g
x:-0.3225871g, y: -0.0157642g, z: 1.15495017g
x:-0.2790662g, y: -0.1528553g, z: 1.06355610g
x:-0.2464254g, y: -0.1202146g, z: 1.05267586g
x:-0.4074531g, y: 0.26059397g, z: 1.03961956g
x:-0.4749106g, y: -0.0114121g, z: 0.95040155g
x:-0.3552279g, y: -0.0201163g, z: 0.95257760g
x:-0.2311931g, y: 0.03210881g, z: 0.90035242g
x:-0.4792627g, y: -0.0984541g, z: 0.98739438g
x:-0.3182350g, y: -0.0897499g, z: 0.99827463g
x:-0.3269392g, y: 0.07780584g, z: 0.92428896g
x:-0.3334674g, y: -0.0897499g, z: 0.95475365g
x:-0.5336639g, y: -0.1006301g, z: 0.99392253g
x:-0.5075513g, y: -0.0766936g, z: 0.92646501g
x:-0.6424664g, y: 0.02558066g, z: 0.93952130g
x:-0.5793609g, y: -0.1376230g, z: 0.96345784g
x:0.01034832g, y: -0.1506793g, z: 0.97216204g
x:0.39115692g, y: -0.0788696g, z: 0.79372601g
x:0.37374853g, y: -0.0571092g, z: 0.87423983g
x:0.03863696g, y: 0.32587544g, z: 0.93081711g
x:-0.2638338g, y: -0.1528553g, z: 0.96998599g
x:-0.2986506g, y: -0.0288205g, z: 1.04832376g
x:-0.2203128g, y: -0.1920242g, z: 0.91776081g
x:-0.1180385g, y: -0.0331726g, z: 0.97216204g
x:-0.1006301g, y: -0.3160590g, z: 0.95040155g
x:-0.1136864g, y: -0.2812422g, z: 0.95257760g
x:-0.0723415g, y: -0.2029044g, z: 0.93734525g
x:-0.0897499g, y: -0.1572074g, z: 0.96780994g
x:-0.0766936g, y: -0.1354469g, z: 0.98957043g
x:-0.0571092g, y: -0.1093343g, z: 0.97433809g
x:-0.0701654g, y: -0.1158625g, z: 0.97216204g
x:-0.0309966g, y: -0.1528553g, z: 0.98086624g
x:-0.0353487g, y: -0.2116086g, z: 1.06138006g
x:-0.0484050g, y: -0.1093343g, z: 1.03961956g
x:-0.0135882g, y: 0.02122856g, z: 1.02221117g
x:-0.0135882g, y: 0.00599622g, z: 0.97216204g
x:-0.0070600g, y: 0.11044658g, z: 0.96345784g
x:-0.1136864g, y: 0.00164412g, z: 0.97433809g
x:-0.1136864g, y: 0.10609448g, z: 0.92864106g
x:-0.0549331g, y: -0.1267427g, z: 0.93516920g
x:-0.1267427g, y: -0.1528553g, z: 0.97216204g
x:-0.0897499g, y: -0.0462289g, z: 0.96998599g
x:-0.0875738g, y: -0.0288205g, z: 0.97869019g
x:-0.0723415g, y: -0.0179403g, z: 0.97216204g
x:-0.0745175g, y: 0.03646091g, z: 0.98086624g
x:-0.0810457g, y: -0.0723415g, z: 0.97433809g
x:-0.0897499g, y: -0.0766936g, z: 0.97869019g
x:-0.0658133g, y: -0.1289188g, z: 0.96780994g
x:-0.0048840g, y: -0.0788696g, z: 1.07008425g
x:-0.0636373g, y: -0.1267427g, z: 0.99609858g
x:-0.0941020g, y: -0.1767919g, z: 0.98739438g
x:-0.0919259g, y: -0.1115104g, z: 0.98957043g
x:-0.0853978g, y: -0.1572074g, z: 0.98957043g
x:-0.0919259g, y: -0.1528553g, z: 0.96780994g
x:-0.1006301g, y: -0.1963763g, z: 0.98304229g
x:-0.1136864g, y: -0.1289188g, z: 0.97216204g
x:-0.0853978g, y: -0.1767919g, z: 0.97433809g
x:-0.0962780g, y: -0.1789679g, z: 0.95475365g
x:-0.0919259g, y: -0.1397990g, z: 0.97869019g
x:-0.1006301g, y: -0.1093343g, z: 0.98304229g
x:-0.0919259g, y: -0.0897499g, z: 0.97433809g
x:-0.0745175g, y: -0.0788696g, z: 0.98521833g
x:0.33457964g, y: 0.15179151g, z: 0.59788159g
x:-0.0505810g, y: -0.0701654g, z: 0.95257760g
x:-0.0636373g, y: -0.0919259g, z: 0.97869019g
x:-0.0571092g, y: -0.0440529g, z: 0.98739438g
x:-0.0875738g, y: -0.1180385g, z: 0.96563389g
x:-0.0745175g, y: -0.0984541g, z: 0.94387340g
x:-0.0832217g, y: -0.1441511g, z: 0.96780994g
x:-0.0505810g, y: -0.0832217g, z: 0.97216204g
x:-0.0679894g, y: -0.0897499g, z: 0.97433809g
x:-0.0745175g, y: -0.0701654g, z: 0.98086624g
x:-0.0614612g, y: -0.0636373g, z: 0.97651414g
x:-0.0484050g, y: -0.0614612g, z: 0.98086624g
x:-0.0679894g, y: -0.0331726g, z: 0.98086624g
x:-0.0766936g, y: -0.0549331g, z: 0.99174648g
x:-0.0658133g, y: -0.0462289g, z: 0.98086624g
x:-0.0658133g, y: -0.0375247g, z: 0.96128179g
x:-0.0462289g, y: -0.0309966g, z: 0.97651414g
x:-0.0745175g, y: -0.0288205g, z: 0.96345784g